Vivado Simulator 2018.3
Copyright 1986-1999, 2001-2018 Xilinx, Inc. All Rights Reserved.
Running: C:/Xilinx/Vivado/2018.3/bin/unwrapped/win64.o/xelab.exe -wto c5cef47884604b70b6bfe05e5e3ed603 --incr --debug typical --relax --mt 2 -L xil_defaultlib -L secureip --snapshot Voice_recognition_behav xil_defaultlib.Voice_recognition -log elaborate.log 
Using 2 slave threads.
Starting static elaboration
Completed static elaboration
Starting simulation data flow analysis
Completed simulation data flow analysis
Time Resolution for simulation is 1ps
Compiling package std.standard
Compiling package std.textio
Compiling package ieee.std_logic_1164
Compiling package ieee.numeric_std
Compiling package ieee.std_logic_arith
Compiling package ieee.std_logic_unsigned
Compiling architecture full of entity xil_defaultlib.UART_TX [\UART_TX(1,4)\]
Compiling architecture full of entity xil_defaultlib.UART_RX [\UART_RX(1,4)\]
Compiling architecture full of entity xil_defaultlib.UART [\UART(1,4)\]
Compiling architecture behavioral of entity xil_defaultlib.display [display_default]
Compiling architecture full of entity xil_defaultlib.voice_recognition
Built simulation snapshot Voice_recognition_behav
